
Starting:    C:\Microsemi\Libero_SoC_v11.8\SynplifyPro\bin64\mbin\synbatch.exe
Install:     C:\Microsemi\Libero_SoC_v11.8\SynplifyPro
Hostname:    EECS373-05
Date:        Sun Nov 26 20:05:33 2017
Version:     L-2016.09M-2

Arguments:   -product synplify_pro -licensetype synplifypro_actel -batch -log synplify.log lockNET_SF_syn.tcl
ProductType: synplify_pro

License checkout: synplifypro_actel
License: synplifypro_actel node-locked 
Licensed Vendor: actel
License Option: actel_oem

Running in Vendor Mode


Warning: File already exists in project: "N:\PortableGit\locknet373\smartfusion\lockNET_SF\component\work\lockNET_SF_MSS\mss_tshell_syn.sdc"
Warning: File already exists in project: "N:\PortableGit\locknet373\smartfusion\lockNET_SF\component\work\lockNET_SF_MSS\mss_tshell_syn.sdc"
Warning: File already exists in project: "N:\PortableGit\locknet373\smartfusion\lockNET_SF\component\work\lockNET_SF_MSS\mss_tshell_syn.sdc"
Warning: File already exists in project: "N:\PortableGit\locknet373\smartfusion\lockNET_SF\component\work\lockNET_SF_MSS\mss_tshell_syn.sdc"
Warning: File already exists in project: "N:\PortableGit\locknet373\smartfusion\lockNET_SF\component\work\lockNET_SF_MSS\mss_tshell_syn.sdc"
Warning: File already exists in project: "N:\PortableGit\locknet373\smartfusion\lockNET_SF\component\work\lockNET_SF_MSS\mss_tshell_syn.sdc"
Warning: File already exists in project: "N:\PortableGit\locknet373\smartfusion\lockNET_SF\component\work\lockNET_SF_MSS\mss_tshell_syn.sdc"
Warning: File already exists in project: "N:\PortableGit\locknet373\smartfusion\lockNET_SF\component\work\lockNET_SF_MSS\mss_tshell_syn.sdc"
Warning: File already exists in project: "N:\PortableGit\locknet373\smartfusion\lockNET_SF\component\work\lockNET_SF_MSS\mss_tshell_syn.sdc"
Warning: File already exists in project: "N:\PortableGit\locknet373\smartfusion\lockNET_SF\component\work\lockNET_SF_MSS\mss_tshell_syn.sdc"
Warning: File already exists in project: "N:\PortableGit\locknet373\smartfusion\lockNET_SF\component\work\lockNET_SF_MSS\mss_tshell_syn.sdc"
Warning: File already exists in project: "N:\PortableGit\locknet373\smartfusion\lockNET_SF\component\work\lockNET_SF_MSS\mss_tshell_syn.sdc"
Warning: File already exists in project: "N:\PortableGit\locknet373\smartfusion\lockNET_SF\component\work\lockNET_SF_MSS\mss_tshell_syn.sdc"
Warning: File already exists in project: "N:\PortableGit\locknet373\smartfusion\lockNET_SF\component\work\lockNET_SF_MSS\mss_tshell_syn.sdc"
Warning: File already exists in project: "N:\PortableGit\locknet373\smartfusion\lockNET_SF\component\work\lockNET_SF_MSS\mss_tshell_syn.sdc"
Warning: File already exists in project: "N:\PortableGit\locknet373\smartfusion\lockNET_SF\component\work\lockNET_SF_MSS\mss_tshell_syn.sdc"
Warning: File already exists in project: "N:\PortableGit\locknet373\smartfusion\lockNET_SF\component\work\lockNET_SF_MSS\mss_tshell_syn.sdc"
auto_infer_blackbox is not supported in current product.

log file: "N:\PortableGit\locknet373\smartfusion\lockNET_SF\synthesis\lockNET_SF.srr"

Running: synthesis in foreground



Running lockNET_SF_syn|synthesis


Running: compile (Compile) on lockNET_SF_syn|synthesis
# Sun Nov 26 20:05:34 2017


Running: compile_flow (Compile Process) on lockNET_SF_syn|synthesis
# Sun Nov 26 20:05:34 2017


Running: compiler (Compile Input) on lockNET_SF_syn|synthesis
# Sun Nov 26 20:05:34 2017

Copied N:\PortableGit\locknet373\smartfusion\lockNET_SF\synthesis\synwork\lockNET_SF_comp.srs to N:\PortableGit\locknet373\smartfusion\lockNET_SF\synthesis\lockNET_SF.srs


compiler completed
# Sun Nov 26 20:05:38 2017

Return Code: 0
Run Time:00h:00m:04s


Running: multi_srs_gen (Multi-srs Generator) on lockNET_SF_syn|synthesis
# Sun Nov 26 20:05:38 2017


multi_srs_gen completed
# Sun Nov 26 20:05:39 2017

Return Code: 0
Run Time:00h:00m:01s

Copied N:\PortableGit\locknet373\smartfusion\lockNET_SF\synthesis\synwork\lockNET_SF_mult.srs to N:\PortableGit\locknet373\smartfusion\lockNET_SF\synthesis\lockNET_SF.srs

Complete: Compile Process on lockNET_SF_syn|synthesis


Running: premap (Pre-mapping) on lockNET_SF_syn|synthesis
# Sun Nov 26 20:05:39 2017


premap completed
# Sun Nov 26 20:05:44 2017

Return Code: 0
Run Time:00h:00m:05s

Complete: Compile on lockNET_SF_syn|synthesis


Running: map (Map) on lockNET_SF_syn|synthesis
# Sun Nov 26 20:05:44 2017

License granted for 4 parallel jobs


Running: fpga_mapper (Map & Optimize) on lockNET_SF_syn|synthesis
# Sun Nov 26 20:05:44 2017

Copied N:\PortableGit\locknet373\smartfusion\lockNET_SF\synthesis\synwork\lockNET_SF_m.srm to N:\PortableGit\locknet373\smartfusion\lockNET_SF\synthesis\lockNET_SF.srm


fpga_mapper completed with warnings
# Sun Nov 26 20:05:51 2017

Return Code: 1
Run Time:00h:00m:07s

Complete: Map on lockNET_SF_syn|synthesis

Complete: Logic Synthesis on lockNET_SF_syn|synthesis

TCL script complete: "lockNET_SF_syn.tcl"

exit status=0

exit status=0

License checkin: synplifypro_actel

