C:\Microsemi\Libero_SoC_v11.8\SynplifyPro\bin64\c_hdl.exe  -osyn  N:\Git\locknet373\smartfusion\lockNET_SF\synthesis\synwork\lockNET_SF_comp.srs  -top  lockNET_SF  -hdllog  N:\Git\locknet373\smartfusion\lockNET_SF\synthesis\synlog\lockNET_SF_compiler.srr  -encrypt  -mp  4  -verification_mode 0  -verilog  -prodtype  synplify_pro  -nram -fixsmult -divnmod   -I N:\Git\locknet373\smartfusion\lockNET_SF\synthesis\  -I C:\Microsemi\Libero_SoC_v11.8\SynplifyPro\lib   -v2001  -devicelib  C:\Microsemi\Libero_SoC_v11.8\SynplifyPro\lib\proasic\smartfusion.v  -encrypt  -pro  -dmgen  N:\Git\locknet373\smartfusion\lockNET_SF\synthesis\dm  -ui -fid2 -ram -sharing on -ll 2000 -autosm  -lib work N:\Git\locknet373\smartfusion\lockNET_SF\smartgen\RSA_64b_RAM\RSA_64b_RAM.v -lib work N:\Git\locknet373\smartfusion\lockNET_SF\hdl\neopixel.v -lib work N:\Git\locknet373\smartfusion\lockNET_SF\hdl\MonMult.v -lib work N:\Git\locknet373\smartfusion\lockNET_SF\hdl\RSA.v -lib work N:\Git\locknet373\smartfusion\lockNET_SF\hdl\servo.v -lib work N:\Git\locknet373\smartfusion\lockNET_SF\hdl\apb3_interface.v -lib work N:\Git\locknet373\smartfusion\lockNET_SF\component\Actel\SmartFusionMSS\MSS\2.5.200\mss_comps.v -lib work N:\Git\locknet373\smartfusion\lockNET_SF\component\work\lockNET_SF_MSS\mss_tshell.v -lib work N:\Git\locknet373\smartfusion\lockNET_SF\component\work\lockNET_SF_MSS\MSS_CCC_0\lockNET_SF_MSS_tmp_MSS_CCC_0_MSS_CCC.v -lib work N:\Git\locknet373\smartfusion\lockNET_SF\component\work\lockNET_SF_MSS\lockNET_SF_MSS.v -lib COREAPB3_LIB N:\Git\locknet373\smartfusion\lockNET_SF\component\Actel\DirectCore\CoreAPB3\4.1.100\rtl\vlog\core_obfuscated\coreapb3_muxptob3.v -lib COREAPB3_LIB N:\Git\locknet373\smartfusion\lockNET_SF\component\Actel\DirectCore\CoreAPB3\4.1.100\rtl\vlog\core_obfuscated\coreapb3_iaddr_reg.v -lib COREAPB3_LIB N:\Git\locknet373\smartfusion\lockNET_SF\component\Actel\DirectCore\CoreAPB3\4.1.100\rtl\vlog\core_obfuscated\coreapb3.v -lib work N:\Git\locknet373\smartfusion\lockNET_SF\component\work\lockNET_SF\lockNET_SF.v 
rc:0 success:1 runtime:5
file:N:\Git\locknet373\smartfusion\lockNET_SF\synthesis\synwork\lockNET_SF_comp.srs|io:o|time:1512708820|size:60504|exec:0
file:N:\Git\locknet373\smartfusion\lockNET_SF\synthesis\synlog\lockNET_SF_compiler.srr|io:o|time:1512708820|size:24661|exec:0
file:C:\Microsemi\Libero_SoC_v11.8\SynplifyPro\lib\proasic\smartfusion.v|io:i|time:1487959650|size:72817|exec:0
file:N:\Git\locknet373\smartfusion\lockNET_SF\smartgen\RSA_64b_RAM\RSA_64b_RAM.v|io:i|time:1512547629|size:8038|exec:0
file:N:\Git\locknet373\smartfusion\lockNET_SF\hdl\neopixel.v|io:i|time:1512695371|size:4124|exec:0
file:N:\Git\locknet373\smartfusion\lockNET_SF\hdl\MonMult.v|io:i|time:1512706809|size:3280|exec:0
file:N:\Git\locknet373\smartfusion\lockNET_SF\hdl\RSA.v|io:i|time:1512707002|size:16110|exec:0
file:N:\Git\locknet373\smartfusion\lockNET_SF\hdl\servo.v|io:i|time:1512695336|size:2072|exec:0
file:N:\Git\locknet373\smartfusion\lockNET_SF\hdl\apb3_interface.v|io:i|time:1512692648|size:4095|exec:0
file:N:\Git\locknet373\smartfusion\lockNET_SF\component\Actel\SmartFusionMSS\MSS\2.5.200\mss_comps.v|io:i|time:1471626147|size:11243|exec:0
file:N:\Git\locknet373\smartfusion\lockNET_SF\component\work\lockNET_SF_MSS\mss_tshell.v|io:i|time:1512695419|size:12227|exec:0
file:N:\Git\locknet373\smartfusion\lockNET_SF\component\work\lockNET_SF_MSS\MSS_CCC_0\lockNET_SF_MSS_tmp_MSS_CCC_0_MSS_CCC.v|io:i|time:1512695411|size:2888|exec:0
file:N:\Git\locknet373\smartfusion\lockNET_SF\component\work\lockNET_SF_MSS\lockNET_SF_MSS.v|io:i|time:1512695422|size:25410|exec:0
file:N:\Git\locknet373\smartfusion\lockNET_SF\component\Actel\DirectCore\CoreAPB3\4.1.100\rtl\vlog\core_obfuscated\coreapb3_muxptob3.v|io:i|time:1506101532|size:6765|exec:0
file:N:\Git\locknet373\smartfusion\lockNET_SF\component\Actel\DirectCore\CoreAPB3\4.1.100\rtl\vlog\core_obfuscated\coreapb3_iaddr_reg.v|io:i|time:1506101532|size:3556|exec:0
file:N:\Git\locknet373\smartfusion\lockNET_SF\component\Actel\DirectCore\CoreAPB3\4.1.100\rtl\vlog\core_obfuscated\coreapb3.v|io:i|time:1506101532|size:32806|exec:0
file:N:\Git\locknet373\smartfusion\lockNET_SF\component\work\lockNET_SF\lockNET_SF.v|io:i|time:1512708184|size:17882|exec:0
file:C:\Microsemi\Libero_SoC_v11.8\SynplifyPro\bin\c_hdl.exe|io:i|time:1479391564|size:1337856|exec:1
file:C:\Microsemi\Libero_SoC_v11.8\SynplifyPro\bin64\c_hdl.exe|io:i|time:1479391768|size:1973248|exec:1
