# Reading C:/Microsemi/Libero_SoC_v11.8/Modelsim/tcl/vsim/pref.tcl
# do run.do
# INFO: Simulation library presynth already exists
# Model Technology ModelSim Microsemi vmap 10.5c Lib Mapping Utility 2016.07 Jul 21 2016
# vmap presynth presynth 
# Modifying modelsim.ini
# Model Technology ModelSim Microsemi vmap 10.5c Lib Mapping Utility 2016.07 Jul 21 2016
# vmap smartfusion C:/Microsemi/Libero_SoC_v11.8/Designer/lib/modelsim/precompiled/vlog/smartfusion 
# Modifying modelsim.ini
# Model Technology ModelSim Microsemi vmap 10.5c Lib Mapping Utility 2016.07 Jul 21 2016
# vmap MSS_BFM_LIB ../component/Actel/SmartFusionMSS/MSS/2.5.200/mti/user_verilog/MSS_BFM_LIB 
# Modifying modelsim.ini
# Model Technology ModelSim Microsemi vcom 10.5c Compiler 2016.07 Jul 21 2016
# Start time: 01:27:58 on Dec 06,2017
# vcom -reportprogress 300 -work MSS_BFM_LIB -force_refresh 
# -- Skipping module acb_96_bit
# -- Skipping module adc
# -- Skipping module AddrDecM0
# -- Skipping module AddrDecM1
# -- Skipping module AddrDecM2
# -- Skipping module AddrDecM3
# -- Skipping module AddrDecM4
# -- Skipping module AhbClient_HM
# -- Skipping module AhbWrapper_FM
# -- Skipping module AhbWrapper_HM
# -- Skipping module analog_mux
# -- Skipping module analog_mux_F060
# -- Skipping module analog_quad
# -- Skipping module ApbClient_HM
# -- Skipping module ApbWrapper_FM
# -- Skipping module BFM_MAIN
# -- Skipping module Client_FM
# -- Skipping module ClientAddrData_FM
# -- Skipping module ClientAddrData_HM
# -- Skipping module CMMaster0Stage
# -- Skipping module CMMaster1Stage
# -- Skipping module CMMaster2Stage
# -- Skipping module CMMaster3Stage
# -- Skipping module CMMaster4Stage
# -- Skipping module CMSlaveStage
# -- Skipping module DefaultSlaveSM
# -- Skipping module dp512x32
# -- Skipping module dp512x32_col
# -- Skipping module drive_analog_input
# -- Skipping module drive_analog_input_varef
# -- Skipping module drive_analog_io
# -- Skipping module drive_analog_io_39bit
# -- Skipping module drive_current_inputs
# -- Skipping module drive_current_monitor
# -- Skipping module drive_differential_inputs
# -- Skipping module drive_temperature_quad
# -- Skipping module drive_varef_out
# -- Skipping module DSSAB
# -- Skipping module DSSAB_F060
# -- Loading package STANDARD
# -- Loading package TEXTIO
# -- Loading package std_logic_1164
# -- Loading package NUMERIC_STD
# -- Loading package em_pkg
# -- Compiling entity EM_addr_gen
# -- Compiling architecture rtl of EM_addr_gen
# -- Compiling entity EM_ahb_int
# -- Compiling architecture rtl of EM_ahb_int
# -- Compiling entity EM_phase_gen
# -- Compiling architecture rtl of EM_phase_gen
# -- Compiling package em_pkg
# -- Compiling package body em_pkg
# -- Loading package em_pkg
# -- Loading package em_pkg
# -- Compiling entity EM_rdata_gen
# -- Compiling architecture rtl of EM_rdata_gen
# -- Compiling entity EM_wdata_gen
# -- Compiling architecture rtl of EM_wdata_gen
# -- Skipping module F2_ACE_512x16
# -- Skipping module F2AB
# -- Skipping module F2AB_F060
# -- Skipping module F2DSS_ACE
# -- Skipping module F2DSS_ACE_MISC
# -- Skipping module F2DSS_ACE_MISC_APB3
# -- Skipping module F2DSS_ACE_MISC_FDET
# -- Skipping module F2DSS_ACE_MISC_FDET12
# -- Skipping module F2DSS_ACE_MISC_INT_LOGIC
# -- Skipping module F2DSS_ACE_MISC_PDMA
# -- Skipping module F2DSS_ACE_MISC_RDET
# -- Skipping module F2DSS_ACE_MISC_RDET12
# -- Skipping module F2DSS_ACE_MISC_RDET32
# -- Skipping module F2DSS_ACE_MISC_RDMUX
# -- Skipping module F2DSS_ACE_MISC_STICKYFLAG
# -- Skipping module F2DSS_ACE_MISC_STICKYFLAG21
# -- Skipping module F2DSS_ACE_MISC_STICKYFLAG24
# -- Skipping module F2DSS_ACE_MISC_STICKYFLAG32
# -- Skipping module F2DSS_ACE_MISC_STICKYFLAG9
# -- Skipping module F2DSS_ACE_MISC_SYNC
# -- Skipping module F2DSS_ACE_MISC_SYNC12
# -- Skipping module F2DSS_ACE_PPE
# -- Skipping module F2DSS_ACE_PPE_ADDER
# -- Skipping module F2DSS_ACE_PPE_ALU
# -- Skipping module F2DSS_ACE_PPE_DPRAM
# -- Skipping module F2DSS_ACE_PPE_DPRAM_CTRL
# -- Skipping module F2DSS_ACE_PPE_FIFO
# -- Skipping module F2DSS_ACE_PPE_FIFO_CTRL
# -- Skipping module F2DSS_ACE_PPE_FSM
# -- Skipping module F2DSS_ACE_PPE_FSM_STFILT
# -- Skipping module F2DSS_ACE_PPE_MULT
# -- Skipping module F2DSS_ACE_PPE_RDMUX
# -- Skipping module F2DSS_ACE_PPE_SSE_CTRL
# -- Skipping module F2DSS_ACE_PPE_THRFLAGS
# -- Skipping module F2DSS_ACE_PPE_XFER_DINMUX
# -- Skipping module F2DSS_ACE_RAMS
# -- Skipping module F2DSS_COMMSMATRIX
# -- Loading package ATTRIBUTES
# -- Loading package std_logic_misc
# -- Compiling entity F2DSS_EMC
# -- Compiling architecture rtl of F2DSS_EMC
# -- Skipping module F2DSS_FABRICIF
# -- Skipping module F2DSS_GPIO
# -- Skipping module F2DSS_SSE
# -- Skipping module F2DSS_SSE_APB3_PPE_IF
# -- Skipping module F2DSS_SSE_ENGINE
# -- Skipping module F2DSS_SSE_PHASE_ACCUMS
# -- Skipping module F2DSS_SSE_TDM_FSM
# -- Skipping module FABRICIF_FM
# -- Skipping module FABRICIF_HM
# -- Skipping module M3_BFM
# -- Skipping module Matrix5x8
# -- Skipping module MSS_AHB
# -- Skipping module MSS_AHB_F060
# -- Skipping module MSS_AHB_F060_IP
# -- Skipping module MSS_AHB_IP
# -- Skipping module MSS_APB
# -- Skipping module MSS_APB_F060
# -- Skipping module MSS_APB_F060_IP
# -- Skipping module MSS_APB_IP
# -- Skipping module MSS_APBSLAVES
# -- Skipping module MSS_BFM_AHB2APB
# -- Skipping module MSS_BFM_AHBSLAVE
# -- Skipping module MSS_BFM_AHBSLAVEEXT
# -- Skipping module mss_clockgen
# -- Skipping module MSS_SYSREG
# -- Skipping module obd
# -- Skipping module obd_mux
# -- Skipping module read_39bit_analog_io
# -- Skipping module read_analog_input
# -- Skipping module read_analog_io
# -- Skipping module SINGLE_PORT_RAM
# -- Skipping module SlaveArbiter
# -- Skipping module sp512x16
# End time: 01:27:59 on Dec 06,2017, Elapsed time: 0:00:01
# Errors: 0, Warnings: 0
# Model Technology ModelSim Microsemi vlog 10.5c Compiler 2016.07 Jul 21 2016
# Start time: 01:27:59 on Dec 06,2017
# vlog -reportprogress 300 -work MSS_BFM_LIB -force_refresh 
# -- Refreshing module acb_96_bit
# -- Refreshing module adc
# -- Refreshing module AddrDecM0
# -- Refreshing module AddrDecM1
# -- Refreshing module AddrDecM2
# -- Refreshing module AddrDecM3
# -- Refreshing module AddrDecM4
# -- Refreshing module AhbClient_HM
# -- Refreshing module AhbWrapper_FM
# -- Refreshing module AhbWrapper_HM
# -- Refreshing module analog_mux
# -- Refreshing module analog_mux_F060
# -- Refreshing module analog_quad
# -- Refreshing module ApbClient_HM
# -- Refreshing module ApbWrapper_FM
# -- Refreshing module BFM_MAIN
# -- Refreshing module Client_FM
# -- Refreshing module ClientAddrData_FM
# -- Refreshing module ClientAddrData_HM
# -- Refreshing module CMMaster0Stage
# -- Refreshing module CMMaster1Stage
# -- Refreshing module CMMaster2Stage
# -- Refreshing module CMMaster3Stage
# -- Refreshing module CMMaster4Stage
# -- Refreshing module CMSlaveStage
# -- Refreshing module DefaultSlaveSM
# -- Refreshing module dp512x32
# -- Refreshing module dp512x32_col
# -- Refreshing module drive_analog_input
# -- Refreshing module drive_analog_input_varef
# -- Refreshing module drive_analog_io
# -- Refreshing module drive_analog_io_39bit
# -- Refreshing module drive_current_inputs
# -- Refreshing module drive_current_monitor
# -- Refreshing module drive_differential_inputs
# -- Refreshing module drive_temperature_quad
# -- Refreshing module drive_varef_out
# -- Refreshing module DSSAB
# -- Refreshing module DSSAB_F060
# -- Skipping entity em_addr_gen
# -- Skipping entity em_ahb_int
# -- Skipping entity em_phase_gen
# -- Skipping package em_pkg
# -- Skipping entity em_rdata_gen
# -- Skipping entity em_wdata_gen
# -- Refreshing module F2_ACE_512x16
# -- Refreshing module F2AB
# -- Refreshing module F2AB_F060
# -- Refreshing module F2DSS_ACE
# -- Refreshing module F2DSS_ACE_MISC
# -- Refreshing module F2DSS_ACE_MISC_APB3
# -- Refreshing module F2DSS_ACE_MISC_FDET
# -- Refreshing module F2DSS_ACE_MISC_FDET12
# -- Refreshing module F2DSS_ACE_MISC_INT_LOGIC
# -- Refreshing module F2DSS_ACE_MISC_PDMA
# -- Refreshing module F2DSS_ACE_MISC_RDET
# -- Refreshing module F2DSS_ACE_MISC_RDET12
# -- Refreshing module F2DSS_ACE_MISC_RDET32
# -- Refreshing module F2DSS_ACE_MISC_RDMUX
# -- Refreshing module F2DSS_ACE_MISC_STICKYFLAG
# -- Refreshing module F2DSS_ACE_MISC_STICKYFLAG21
# -- Refreshing module F2DSS_ACE_MISC_STICKYFLAG24
# -- Refreshing module F2DSS_ACE_MISC_STICKYFLAG32
# -- Refreshing module F2DSS_ACE_MISC_STICKYFLAG9
# -- Refreshing module F2DSS_ACE_MISC_SYNC
# -- Refreshing module F2DSS_ACE_MISC_SYNC12
# -- Refreshing module F2DSS_ACE_PPE
# -- Refreshing module F2DSS_ACE_PPE_ADDER
# -- Refreshing module F2DSS_ACE_PPE_ALU
# -- Refreshing module F2DSS_ACE_PPE_DPRAM
# -- Refreshing module F2DSS_ACE_PPE_DPRAM_CTRL
# -- Refreshing module F2DSS_ACE_PPE_FIFO
# -- Refreshing module F2DSS_ACE_PPE_FIFO_CTRL
# -- Refreshing module F2DSS_ACE_PPE_FSM
# -- Refreshing module F2DSS_ACE_PPE_FSM_STFILT
# -- Refreshing module F2DSS_ACE_PPE_MULT
# -- Refreshing module F2DSS_ACE_PPE_RDMUX
# -- Refreshing module F2DSS_ACE_PPE_SSE_CTRL
# -- Refreshing module F2DSS_ACE_PPE_THRFLAGS
# -- Refreshing module F2DSS_ACE_PPE_XFER_DINMUX
# -- Refreshing module F2DSS_ACE_RAMS
# -- Refreshing module F2DSS_COMMSMATRIX
# -- Skipping entity f2dss_emc
# -- Refreshing module F2DSS_FABRICIF
# -- Refreshing module F2DSS_GPIO
# -- Refreshing module F2DSS_SSE
# -- Refreshing module F2DSS_SSE_APB3_PPE_IF
# -- Refreshing module F2DSS_SSE_ENGINE
# -- Refreshing module F2DSS_SSE_PHASE_ACCUMS
# -- Refreshing module F2DSS_SSE_TDM_FSM
# -- Refreshing module FABRICIF_FM
# -- Refreshing module FABRICIF_HM
# -- Refreshing module M3_BFM
# -- Refreshing module Matrix5x8
# -- Refreshing module MSS_AHB
# -- Refreshing module MSS_AHB_F060
# -- Refreshing module MSS_AHB_F060_IP
# -- Refreshing module MSS_AHB_IP
# -- Refreshing module MSS_APB
# -- Refreshing module MSS_APB_F060
# -- Refreshing module MSS_APB_F060_IP
# -- Refreshing module MSS_APB_IP
# -- Refreshing module MSS_APBSLAVES
# -- Refreshing module MSS_BFM_AHB2APB
# -- Refreshing module MSS_BFM_AHBSLAVE
# -- Refreshing module MSS_BFM_AHBSLAVEEXT
# -- Refreshing module mss_clockgen
# -- Refreshing module MSS_SYSREG
# -- Refreshing module obd
# -- Refreshing module obd_mux
# -- Refreshing module read_39bit_analog_io
# -- Refreshing module read_analog_input
# -- Refreshing module read_analog_io
# -- Refreshing module SINGLE_PORT_RAM
# -- Refreshing module SlaveArbiter
# -- Refreshing module sp512x16
# End time: 01:28:01 on Dec 06,2017, Elapsed time: 0:00:02
# Errors: 0, Warnings: 0
# INFO: Simulation library COREAPB3_LIB already exists
# Model Technology ModelSim Microsemi vmap 10.5c Lib Mapping Utility 2016.07 Jul 21 2016
# vmap COREAPB3_LIB COREAPB3_LIB 
# Modifying modelsim.ini
# Model Technology ModelSim Microsemi vlog 10.5c Compiler 2016.07 Jul 21 2016
# Start time: 01:28:01 on Dec 06,2017
# vlog -reportprogress 300 -vlog01compat -work presynth N:/Git/locknet373/smartfusion/lockNET_SF/hdl/MonMult.v 
# -- Compiling module MonMult
# 
# Top level modules:
# 	MonMult
# End time: 01:28:01 on Dec 06,2017, Elapsed time: 0:00:00
# Errors: 0, Warnings: 0
# Model Technology ModelSim Microsemi vlog 10.5c Compiler 2016.07 Jul 21 2016
# Start time: 01:28:01 on Dec 06,2017
# vlog -reportprogress 300 -vlog01compat -work presynth N:/Git/locknet373/smartfusion/lockNET_SF/hdl/RSA.v 
# -- Compiling module rsa
# 
# Top level modules:
# 	rsa
# End time: 01:28:02 on Dec 06,2017, Elapsed time: 0:00:01
# Errors: 0, Warnings: 0
# Model Technology ModelSim Microsemi vlog 10.5c Compiler 2016.07 Jul 21 2016
# Start time: 01:28:02 on Dec 06,2017
# vlog -reportprogress 300 "+incdir+N:/Git/locknet373/smartfusion/lockNET_SF/stimulus" -vlog01compat -work presynth N:/Git/locknet373/smartfusion/lockNET_SF/stimulus/rsa_tb.v 
# -- Compiling module rsa_tb
# 
# Top level modules:
# 	rsa_tb
# End time: 01:28:02 on Dec 06,2017, Elapsed time: 0:00:00
# Errors: 0, Warnings: 0
# vsim -L smartfusion -L presynth -L MSS_BFM_LIB -L COREAPB3_LIB -t 1ps presynth.rsa_tb 
# Start time: 01:28:02 on Dec 06,2017
# //  ModelSim Microsemi 10.5c Jul 21 2016
# //
# //  Copyright 1991-2016 Mentor Graphics Corporation
# //  All Rights Reserved.
# //
# //  ModelSim Microsemi and its associated documentation contain trade
# //  secrets and commercial or financial information that are the property of
# //  Mentor Graphics Corporation and are privileged, confidential,
# //  and exempt from disclosure under the Freedom of Information Act,
# //  5 U.S.C. Section 552. Furthermore, this information
# //  is prohibited from disclosure under the Trade Secrets Act,
# //  18 U.S.C. Section 1905.
# //
# Loading presynth.rsa_tb
# Loading presynth.rsa
# Loading presynth.MonMult
# ** Warning: (vsim-3015) N:/Git/locknet373/smartfusion/lockNET_SF/hdl/RSA.v(114): [PCDPC] - Port size (66) does not match connection size (65) for port 'P'. The port definition is at: N:/Git/locknet373/smartfusion/lockNET_SF/hdl/MonMult.v(31).
#    Time: 0 ps  Iteration: 0  Instance: /rsa_tb/rsa_dut/MonMult_0 File: N:/Git/locknet373/smartfusion/lockNET_SF/hdl/MonMult.v
run -all
# P = 125aea10dbfd6be9
# P = 125aea10dbfd6be9
# P = c60a2aebec6c5f6e
# P = c60a2aebec6c5f6e
# P = c60a2aebec6c5f6e
# P = c60a2aebec6c5f6e
# P = e485a217edfd1451
# P = e485a217edfd1451
# P = 1b8fe2102548f9bf
# P = 1b8fe2102548f9bf
# P = 1b9a2f448fdaafaf
# P = 1b9a2f448fdaafaf
# P = 4cdac11c8e447e65
# P = 4cdac11c8e447e65
# P = 819de817058caa61
# P = 819de817058caa61
# P = 241b5589178d4462
# P = 241b5589178d4462
# P = 6aa70a61ee769a08
# P = 6aa70a61ee769a08
# P = 6315da2b560806e1
# P = 6315da2b560806e1
# P = e8cf4d76cceca1e7
# P = e8cf4d76cceca1e7
# P = aeee453de8d68eb6
# P = aeee453de8d68eb6
# P = e42b726a64d005f9
# P = e42b726a64d005f9
# P = 92452a83279de5c0
# P = 92452a83279de5c0
# P = 973f1b3a2330c1a6
# P = 973f1b3a2330c1a6
# P = 40e59adb1c591799
# P = 40e59adb1c591799
# P = ca2469d81c238c4a
# P = ca2469d81c238c4a
# P = 937ef7cbf8fd7ff8
# P = 937ef7cbf8fd7ff8
# P = 4293cc01a6f74075
# P = 4293cc01a6f74075
# P = 9d7dc7acab16937b
# P = 9d7dc7acab16937b
# P = c8f2134e5e5dd361
# P = c8f2134e5e5dd361
# P = d8db887b7eef905a
# P = d8db887b7eef905a
# P = 7833286ac374a3e9
# P = 7833286ac374a3e9
# P = 1e840c93877aebd6
# P = 1e840c93877aebd6
# P = 31ded71fcf26caf1
# P = 31ded71fcf26caf1
# P = 950d19c08407ad3e
# P = 950d19c08407ad3e
# P = 471e6f19b74f80fe
# P = 471e6f19b74f80fe
# P = 945d11916d6ba76b
# P = 945d11916d6ba76b
# P = 339b9be878ab5248
# P = 339b9be878ab5248
# P = b888d9747848a149
# P = b888d9747848a149
# P = d96d5700268e908b
# P = d96d5700268e908b
# P = e7c82eb2e373cc06
# P = e7c82eb2e373cc06
# P = ed63e436c18db0e2
# P = ed63e436c18db0e2
# P = 89ad92cefe3f98d6
# P = 89ad92cefe3f98d6
# P = 08fb2b8dfc966798
# P = 08fb2b8dfc966798
# P = 28d70b5d9b202150
# P = 28d70b5d9b202150
# P = 0412fca497291e9a
# P = 0412fca497291e9a
# P = e713537c0d3c208a
# P = e713537c0d3c208a
# P = 9e4cc3fb0c7142be
# P = 9e4cc3fb0c7142be
# P = 4510ad50b787b738
# P = 4510ad50b787b738
# P = ead46e9e847e6549
# P = ead46e9e847e6549
# P = 31cef76c102824b4
# P = 31cef76c102824b4
# P = e67738b4a78352c1
# P = e67738b4a78352c1
# P = 88d163eb1b838605
# P = 88d163eb1b838605
# P = 8d12aefd31c3e49a
# P = 8d12aefd31c3e49a
# P = aaaab6b9de929777
# P = aaaab6b9de929777
# P = 29060beee11fcb68
# P = 29060beee11fcb68
# P = 47ab3031dd97fd11
# P = 47ab3031dd97fd11
# P = 85644e163fb5b76b
# P = 85644e163fb5b76b
# P = 3c4972e148775510
# P = 3c4972e148775510
# P = 26e44e3cc10e30cf
# P = 26e44e3cc10e30cf
# P = acb04510d0e62fad
# P = acb04510d0e62fad
# P = ce620f913e019f34
# P = ce620f913e019f34
# P = 06a5dd088736c4b1
# P = 06a5dd088736c4b1
# P = bef03d7d91acb140
# P = bef03d7d91acb140
# P = c0ae0aefcb37ed00
# P = c0ae0aefcb37ed00
# P = 42f864f156d9c69f
# P = 42f864f156d9c69f
# P = 1fa715a62e09df6f
# P = 1fa715a62e09df6f
# P = bbe4fa5daedd0898
# P = bbe4fa5daedd0898
# P = a21d5befa7c6b28e
# P = a21d5befa7c6b28e
# P = 983b766879b675fd
# P = 983b766879b675fd
# P = 99d5e2164f218dd3
# P = 99d5e2164f218dd3
# P = 72466923b4db6827
# P = 72466923b4db6827
# P = 2fa1cc74c176a623
# P = 2fa1cc74c176a623
# P = 927cfffa53fa3fd2
# P = 927cfffa53fa3fd2
# P = a7a7cbf3a2ef6a52
# P = a7a7cbf3a2ef6a52
# P = 0478975c5bfdfa9c
# P = 0478975c5bfdfa9c
# P = 2217bf81774e61b8
# P = 2217bf81774e61b8
# P = 0a236750e0cee77e
# P = 0a236750e0cee77e
# P = 6d1f0e11674d14ec
# P = 6d1f0e11674d14ec
# P = 10011b18702403d9
# P = 10011b18702403d9
# P = 524ed1ebd0c10f31
# P = 524ed1ebd0c10f31
# P = 60628f6cf8cd4eed
# P = 60628f6cf8cd4eed
# P = b766efd686a93508
# P = b766efd686a93508
# P = 4a6d07304a3648ac
# P = 4a6d07304a3648ac
# P = 08c7e5a932f67bca
# P = 08c7e5a932f67bca
# P = c52a8003d2ad3d46
# P = c52a8003d2ad3d46
# P = 232e59e53e9f1990
# P = 232e59e53e9f1990
# P = 496d39ba9a570338
# P = 496d39ba9a570338
# P = 5a70b9a7846a9d53
# P = 5a70b9a7846a9d53
# P = 17fbea2b608210fd
# P = 17fbea2b608210fd
# P = 630c68a451741c8b
# P = 630c68a451741c8b
# P = 7b62f1f578929ba5
# P = 7b62f1f578929ba5
# P = 6673ecc89af07392
# P = 6673ecc89af07392
# P = 993e052897d808e9
# P = 993e052897d808e9
# P = 0567aa373bec8e1d
# P = 0567aa373bec8e1d
# P = 782a314534230e81
# P = 782a314534230e81
# P = 25a46d71bef2a9aa
# P = 25a46d71bef2a9aa
# P = 6b5ceeb2ee7504ee
# P = 6b5ceeb2ee7504ee
# P = 010d085cd07f7322
# P = 010d085cd07f7322
# P = bdf0ba219bb97610
# P = bdf0ba219bb97610
# P = a69e431dcfd4a3a5
# P = a69e431dcfd4a3a5
# P = ac5e3497e990e93c
# P = ac5e3497e990e93c
# P = b4fa9787198b3fad
# P = b4fa9787198b3fad
# P = 12be07760616affd
# P = 12be07760616affd
# P = 7510ab40500da532
# P = 7510ab40500da532
# P = 23b187c56f82f2e9
# P = 23b187c56f82f2e9
# P = 6c707c8d28fe81e4
# P = 6c707c8d28fe81e4
# P = a60361940b842a9b
# P = a60361940b842a9b
# P = 2e381d8b63666907
# P = 2e381d8b63666907
# P = 736cd9f8797fadac
# P = 736cd9f8797fadac
# P = e0474c396cedbd95
# P = e0474c396cedbd95
# P = 351d89c1047224b1
# P = 351d89c1047224b1
# P = 49b6c2726ff7d95e
# P = 49b6c2726ff7d95e
# P = 2f78872dbfa0cf63
# P = 2f78872dbfa0cf63
# P = 3b520c732ce6859e
# P = 3b520c732ce6859e
# P = 192405c08fefb7ff
# P = 192405c08fefb7ff
# P = ae81593c5afeb590
# P = ae81593c5afeb590
# P = 213abf3a996f7ea6
# P = 213abf3a996f7ea6
# P = 48db771e6fe4f397
# P = 48db771e6fe4f397
# P = 6a14cafa15458848
# P = 6a14cafa15458848
# P = 1b4865f563922177
# P = 1b4865f563922177
# P = 78bdf1b87ff2c330
# P = 78bdf1b87ff2c330
# P = e5676770f1f47893
# P = e5676770f1f47893
# P = 68fb63d88ac5a366
# P = 68fb63d88ac5a366
# P = 4385e1a0aff634de
# P = 4385e1a0aff634de
# P = 9b7739d79b692031
# P = 9b7739d79b692031
# P = 6a4a58a56702dbb2
# P = 6a4a58a56702dbb2
# P = d37e080436cb5665
# P = d37e080436cb5665
# P = 24b94707fdeceab0
# P = 24b94707fdeceab0
# P = b339b4d11de5c692
# P = b339b4d11de5c692
# P = c3d2867aec49b30d
# P = c3d2867aec49b30d
# P = 3a1c786a7148fac1
# P = 3a1c786a7148fac1
# P = 6e30a5f21103ccf3
# P = 6e30a5f21103ccf3
# P = bd21c30d53040a94
# P = bd21c30d53040a94
# P = a459df234a031b14
# P = a459df234a031b14
# P = d368c51f08f8eca4
# P = d368c51f08f8eca4
# P = 07842e62a478c2bb
# P = 07842e62a478c2bb
# P = d945ebe6969dff76
# P = d945ebe6969dff76
# P = dcbaabcdabcddcba
# P = dcbaabcdabcddcba
# ** Note: $finish    : N:/Git/locknet373/smartfusion/lockNET_SF/stimulus/rsa_tb.v(175)
#    Time: 884700 ns  Iteration: 0  Instance: /rsa_tb
# 1
# Break in Module rsa_tb at N:/Git/locknet373/smartfusion/lockNET_SF/stimulus/rsa_tb.v line 175
# End time: 01:28:31 on Dec 06,2017, Elapsed time: 0:00:29
# Errors: 0, Warnings: 1
